2024.01.25 12:34:26 INFO  Started: Metals version 1.2.0 in folders '/home/ubuntu/Downloads/mnmcount' for client Visual Studio Code 1.85.1.
2024.01.25 12:34:27 INFO  time: initialize in 0.33s
2024.01.25 12:34:36 WARN  Build server is not auto-connectable.
2024.01.25 12:34:36 WARN  no build target for: /home/ubuntu/Downloads/mnmcount/scala/src/main/scala/mnmc/MnMcount.scala
2024.01.25 12:35:04 INFO  no build target found for /home/ubuntu/Downloads/mnmcount/scala/src/main/scala/mnmc/MnMcount.scala. Using presentation compiler with project's scala-library version: 3.3.1
Jan 25, 2024 12:35:43 PM org.eclipse.lsp4j.jsonrpc.services.GenericEndpoint notify
INFO: Unsupported notification method: $/setTrace
Jan 25, 2024 12:35:44 PM org.eclipse.lsp4j.jsonrpc.services.GenericEndpoint notify
INFO: Unsupported notification method: $/setTrace
Jan 25, 2024 12:37:59 PM org.eclipse.lsp4j.jsonrpc.RemoteEndpoint handleCancellation
WARNING: Unmatched cancel notification for request id 107
2024.01.25 12:38:25 ERROR Failed to tokenize input for semantic tokens for /home/ubuntu/Downloads/mnmcount/scala/src/main/scala/mnmc/MnMcount.scala
scala.meta.tokenizers.TokenizeException: <input>:76: error: unclosed comment
    /*val cheminpath =
    ^
	at scala.meta.internal.tokenizers.Reporter.incompleteInputError(Reporter.scala:27)
	at scala.meta.internal.tokenizers.Reporter.incompleteInputError$(Reporter.scala:26)
	at scala.meta.internal.tokenizers.Reporter$$anon$1.incompleteInputError(Reporter.scala:33)
	at scala.meta.internal.tokenizers.Reporter.incompleteInputError(Reporter.scala:29)
	at scala.meta.internal.tokenizers.Reporter.incompleteInputError$(Reporter.scala:29)
	at scala.meta.internal.tokenizers.Reporter$$anon$1.incompleteInputError(Reporter.scala:33)
	at scala.meta.internal.tokenizers.LegacyScanner.skipNestedComments(LegacyScanner.scala:52)
	at scala.meta.internal.tokenizers.LegacyScanner.skipToCommentEnd(LegacyScanner.scala:71)
	at scala.meta.internal.tokenizers.LegacyScanner.fetchToken(LegacyScanner.scala:313)
	at scala.meta.internal.tokenizers.LegacyScanner.nextToken(LegacyScanner.scala:211)
	at scala.meta.internal.tokenizers.LegacyScanner.foreach(LegacyScanner.scala:1011)
	at scala.meta.internal.tokenizers.ScalametaTokenizer.uncachedTokenize(ScalametaTokenizer.scala:24)
	at scala.meta.internal.tokenizers.ScalametaTokenizer.$anonfun$tokenize$1(ScalametaTokenizer.scala:17)
	at scala.collection.concurrent.TrieMap.getOrElseUpdate(TrieMap.scala:962)
	at scala.meta.internal.tokenizers.ScalametaTokenizer.tokenize(ScalametaTokenizer.scala:17)
	at scala.meta.internal.tokenizers.ScalametaTokenizer$$anon$2.apply(ScalametaTokenizer.scala:332)
	at scala.meta.tokenizers.Api$XtensionTokenizeDialectInput.tokenize(Api.scala:25)
	at scala.meta.tokenizers.Api$XtensionTokenizeInputLike.tokenize(Api.scala:14)
	at scala.meta.internal.metals.SemanticTokensProvider$.getTokens(SemanticTokensProvider.scala:28)
	at scala.meta.internal.metals.SemanticTokensProvider$.provide(SemanticTokensProvider.scala:89)
	at scala.meta.internal.metals.Compilers.$anonfun$semanticTokens$3(Compilers.scala:541)
	at scala.concurrent.impl.Promise$Transformation.run(Promise.scala:467)
	at java.util.concurrent.ThreadPoolExecutor.runWorker(ThreadPoolExecutor.java:1128)
	at java.util.concurrent.ThreadPoolExecutor$Worker.run(ThreadPoolExecutor.java:628)
	at java.lang.Thread.run(Thread.java:829)

Jan 25, 2024 12:38:29 PM org.eclipse.lsp4j.jsonrpc.RemoteEndpoint handleCancellation
WARNING: Unmatched cancel notification for request id 238
Jan 25, 2024 12:40:06 PM org.eclipse.lsp4j.jsonrpc.RemoteEndpoint handleCancellation
WARNING: Unmatched cancel notification for request id 249
Jan 25, 2024 12:41:27 PM org.eclipse.lsp4j.jsonrpc.RemoteEndpoint handleCancellation
WARNING: Unmatched cancel notification for request id 278
2024.01.25 13:07:08 WARN  no build target for: /home/ubuntu/Downloads/mnmcount/scala/src/main/scala/mnmc/MnMcount.scala
2024.01.25 15:06:13 INFO  Started: Metals version 1.2.0 in folders '/home/ubuntu/Downloads/mnmcount' for client Visual Studio Code 1.85.2.
2024.01.25 15:06:14 INFO  time: initialize in 0.87s
2024.01.25 15:07:20 WARN  Build server is not auto-connectable.
2024.01.25 15:07:20 WARN  no build target for: /home/ubuntu/Downloads/mnmcount/scala/src/main/scala/mnmc/MnMcount.scala
2024.01.25 15:07:59 INFO  no build target found for /home/ubuntu/Downloads/mnmcount/scala/src/main/scala/mnmc/MnMcount.scala. Using presentation compiler with project's scala-library version: 3.3.1
2024.01.25 15:08:26 INFO  time: code lens generation in 1m6s
java.lang.AssertionError: assertion failed: denotation object language invalid in run 3. ValidFor: Period(1..2, run = 4) while typechecking /home/ubuntu/Downloads/mnmcount/scala/src/main/scala/mnmc/MnMcount.scala
Jan 25, 2024 3:08:34 PM scala.meta.internal.pc.CompilerAccess handleError
SEVERE: A severe compiler error occurred, full details of the error can be found in the error report /home/ubuntu/Downloads/mnmcount/.metals/.reports/metals-full/2024-01-25/r_compiler-error_15-08-33-931.md
Jan 25, 2024 3:12:42 PM org.eclipse.lsp4j.jsonrpc.RemoteEndpoint handleCancellation
WARNING: Unmatched cancel notification for request id 9
2024.01.25 15:12:45 INFO  time: code lens generation in 2.6s
2024.01.25 15:12:46 INFO  time: code lens generation in 1.23s
2024.01.25 15:12:46 INFO  time: code lens generation in 1.27s
Jan 25, 2024 3:12:56 PM org.eclipse.lsp4j.jsonrpc.RemoteEndpoint handleCancellation
WARNING: Unmatched cancel notification for request id 45
2024.01.25 15:12:56 INFO  time: code lens generation in 2.76s
2024.01.25 15:12:56 INFO  time: code lens generation in 1.62s
Jan 25, 2024 3:12:56 PM org.eclipse.lsp4j.jsonrpc.RemoteEndpoint handleCancellation
WARNING: Unmatched cancel notification for request id 47
2024.01.25 15:13:01 INFO  time: code lens generation in 4.25s
2024.01.25 15:13:01 INFO  time: code lens generation in 3.54s
2024.01.25 15:13:21 INFO  time: code lens generation in 2.44s
Jan 25, 2024 3:13:43 PM org.eclipse.lsp4j.jsonrpc.RemoteEndpoint handleCancellation
WARNING: Unmatched cancel notification for request id 118
2024.01.25 15:14:09 INFO  time: code lens generation in 8.19s
2024.01.25 15:14:10 INFO  time: code lens generation in 3.21s
2024.01.25 15:14:10 INFO  time: code lens generation in 6.9s
Jan 25, 2024 3:14:35 PM org.eclipse.lsp4j.jsonrpc.RemoteEndpoint handleCancellation
WARNING: Unmatched cancel notification for request id 169
2024.01.25 15:16:22 WARN  no build target for: /home/ubuntu/Downloads/mnmcount/scala/src/main/scala/mnmc/MnMcount.scala
2024.01.25 15:16:24 INFO  time: code lens generation in 1.11s
Jan 25, 2024 3:16:37 PM org.eclipse.lsp4j.jsonrpc.RemoteEndpoint handleCancellation
WARNING: Unmatched cancel notification for request id 308
Jan 25, 2024 3:16:42 PM org.eclipse.lsp4j.jsonrpc.RemoteEndpoint handleCancellation
WARNING: Unmatched cancel notification for request id 311
Jan 25, 2024 3:16:48 PM org.eclipse.lsp4j.jsonrpc.RemoteEndpoint handleCancellation
WARNING: Unmatched cancel notification for request id 316
Jan 25, 2024 3:17:08 PM org.eclipse.lsp4j.jsonrpc.RemoteEndpoint handleCancellation
WARNING: Unmatched cancel notification for request id 328
Jan 25, 2024 3:17:27 PM org.eclipse.lsp4j.jsonrpc.RemoteEndpoint handleCancellation
WARNING: Unmatched cancel notification for request id 363
Jan 25, 2024 3:17:29 PM org.eclipse.lsp4j.jsonrpc.RemoteEndpoint handleCancellation
WARNING: Unmatched cancel notification for request id 370
Jan 25, 2024 3:17:45 PM org.eclipse.lsp4j.jsonrpc.RemoteEndpoint handleCancellation
WARNING: Unmatched cancel notification for request id 397
Jan 25, 2024 3:17:56 PM org.eclipse.lsp4j.jsonrpc.RemoteEndpoint handleCancellation
WARNING: Unmatched cancel notification for request id 427
2024.01.25 15:44:01 INFO  Shutting down server
2024.01.25 15:44:01 INFO  shutting down Metals
2024.01.25 15:44:01 INFO  Exiting server
2024.01.25 15:46:33 INFO  Started: Metals version 1.2.0 in folders '/home/ubuntu/Downloads/mnmcount, /home/ubuntu/airflow' for client Visual Studio Code 1.85.2.
2024.01.25 15:46:34 INFO  time: initialize in 0.23s
2024.01.25 15:46:43 WARN  Build server is not auto-connectable.
2024.01.25 15:46:44 WARN  no build target for: /home/ubuntu/Downloads/mnmcount/scala/src/main/scala/mnmc/MnMcount.scala
2024.01.25 15:46:56 INFO  no build target found for /home/ubuntu/Downloads/mnmcount/scala/src/main/scala/mnmc/MnMcount.scala. Using presentation compiler with project's scala-library version: 3.3.1
Jan 25, 2024 3:57:17 PM org.eclipse.lsp4j.jsonrpc.RemoteEndpoint handleCancellation
WARNING: Unmatched cancel notification for request id 1
2024.01.25 15:57:20 WARN  no build target for: /home/ubuntu/Downloads/mnmcount/scala/src/main/scala/mnmc/MnMcount.scala
Jan 25, 2024 4:01:29 PM org.eclipse.lsp4j.jsonrpc.RemoteEndpoint handleCancellation
WARNING: Unmatched cancel notification for request id 17
Jan 25, 2024 4:22:24 PM org.eclipse.lsp4j.jsonrpc.RemoteEndpoint handleCancellation
WARNING: Unmatched cancel notification for request id 76
2024.01.25 16:22:57 INFO  time: code lens generation in 2.46s
2024.01.25 16:22:57 INFO  time: code lens generation in 1.39s
2024.01.25 16:23:02 WARN  no build target for: /home/ubuntu/Downloads/mnmcount/scala/src/main/scala/mnmc/MnMcount.scala
Jan 25, 2024 5:46:52 PM org.eclipse.lsp4j.jsonrpc.services.GenericEndpoint notify
INFO: Unsupported notification method: $/setTrace
Jan 25, 2024 5:47:10 PM org.eclipse.lsp4j.jsonrpc.services.GenericEndpoint notify
INFO: Unsupported notification method: $/setTrace
Exception in thread "pool-3-thread-1" java.lang.InterruptedException
	at scala.meta.internal.metals.FutureCancelToken.checkCanceled(FutureCancelToken.scala:29)
	at scala.meta.internal.pc.CompilerAccess.onCompilerJobQueue$$anonfun$1(CompilerAccess.scala:230)
	at scala.meta.internal.pc.CompilerJobQueue$Job.run(CompilerJobQueue.scala:152)
	at java.base/java.util.concurrent.ThreadPoolExecutor.runWorker(ThreadPoolExecutor.java:1128)
	at java.base/java.util.concurrent.ThreadPoolExecutor$Worker.run(ThreadPoolExecutor.java:628)
	at java.base/java.lang.Thread.run(Thread.java:829)
2024.01.25 18:06:19 WARN  no build target for: /home/ubuntu/Downloads/mnmcount/scala/src/main/scala/mnmc/MnMcount.scala
2024.01.25 18:06:20 INFO  time: code lens generation in 1.7s
2024.01.25 18:06:35 WARN  no build target for: /home/ubuntu/Downloads/mnmcount/scala/src/main/scala/mnmc/MnMcount.scala
Jan 25, 2024 6:06:36 PM org.eclipse.lsp4j.jsonrpc.RemoteEndpoint handleCancellation
WARNING: Unmatched cancel notification for request id 189
2024.01.25 18:06:36 INFO  time: code lens generation in 1.11s
2024.01.25 18:06:48 WARN  no build target for: /home/ubuntu/Downloads/mnmcount/scala/src/main/scala/mnmc/MnMcount.scala
2024.01.25 18:06:50 ERROR Failed to tokenize input for semantic tokens for /home/ubuntu/Downloads/mnmcount/scala/src/main/scala/mnmc/MnMcount.scala
scala.meta.tokenizers.TokenizeException: <input>:86: error: unclosed string literal
     "
     ^
	at scala.meta.internal.tokenizers.Reporter.syntaxError(Reporter.scala:23)
	at scala.meta.internal.tokenizers.Reporter.syntaxError$(Reporter.scala:23)
	at scala.meta.internal.tokenizers.Reporter$$anon$1.syntaxError(Reporter.scala:33)
	at scala.meta.internal.tokenizers.Reporter.syntaxError(Reporter.scala:25)
	at scala.meta.internal.tokenizers.Reporter.syntaxError$(Reporter.scala:25)
	at scala.meta.internal.tokenizers.Reporter$$anon$1.syntaxError(Reporter.scala:33)
	at scala.meta.internal.tokenizers.LegacyScanner.getStringLit(LegacyScanner.scala:553)
	at scala.meta.internal.tokenizers.LegacyScanner.fetchDoubleQuote$1(LegacyScanner.scala:372)
	at scala.meta.internal.tokenizers.LegacyScanner.fetchToken(LegacyScanner.scala:376)
	at scala.meta.internal.tokenizers.LegacyScanner.nextToken(LegacyScanner.scala:211)
	at scala.meta.internal.tokenizers.LegacyScanner.foreach(LegacyScanner.scala:1011)
	at scala.meta.internal.tokenizers.ScalametaTokenizer.uncachedTokenize(ScalametaTokenizer.scala:24)
	at scala.meta.internal.tokenizers.ScalametaTokenizer.$anonfun$tokenize$1(ScalametaTokenizer.scala:17)
	at scala.collection.concurrent.TrieMap.getOrElseUpdate(TrieMap.scala:962)
	at scala.meta.internal.tokenizers.ScalametaTokenizer.tokenize(ScalametaTokenizer.scala:17)
	at scala.meta.internal.tokenizers.ScalametaTokenizer$$anon$2.apply(ScalametaTokenizer.scala:332)
	at scala.meta.tokenizers.Api$XtensionTokenizeDialectInput.tokenize(Api.scala:25)
	at scala.meta.tokenizers.Api$XtensionTokenizeInputLike.tokenize(Api.scala:14)
	at scala.meta.internal.metals.SemanticTokensProvider$.getTokens(SemanticTokensProvider.scala:28)
	at scala.meta.internal.metals.SemanticTokensProvider$.provide(SemanticTokensProvider.scala:89)
	at scala.meta.internal.metals.Compilers.$anonfun$semanticTokens$3(Compilers.scala:541)
	at scala.concurrent.impl.Promise$Transformation.run(Promise.scala:467)
	at java.util.concurrent.ThreadPoolExecutor.runWorker(ThreadPoolExecutor.java:1128)
	at java.util.concurrent.ThreadPoolExecutor$Worker.run(ThreadPoolExecutor.java:628)
	at java.lang.Thread.run(Thread.java:829)

2024.01.25 18:06:50 WARN  no build target for: /home/ubuntu/Downloads/mnmcount/scala/src/main/scala/mnmc/MnMcount.scala
2024.01.25 18:06:50 ERROR Failed to tokenize input for semantic tokens for /home/ubuntu/Downloads/mnmcount/scala/src/main/scala/mnmc/MnMcount.scala
scala.meta.tokenizers.TokenizeException: <input>:86: error: unclosed string literal
     "
     ^
	at scala.meta.internal.tokenizers.Reporter.syntaxError(Reporter.scala:23)
	at scala.meta.internal.tokenizers.Reporter.syntaxError$(Reporter.scala:23)
	at scala.meta.internal.tokenizers.Reporter$$anon$1.syntaxError(Reporter.scala:33)
	at scala.meta.internal.tokenizers.Reporter.syntaxError(Reporter.scala:25)
	at scala.meta.internal.tokenizers.Reporter.syntaxError$(Reporter.scala:25)
	at scala.meta.internal.tokenizers.Reporter$$anon$1.syntaxError(Reporter.scala:33)
	at scala.meta.internal.tokenizers.LegacyScanner.getStringLit(LegacyScanner.scala:553)
	at scala.meta.internal.tokenizers.LegacyScanner.fetchDoubleQuote$1(LegacyScanner.scala:372)
	at scala.meta.internal.tokenizers.LegacyScanner.fetchToken(LegacyScanner.scala:376)
	at scala.meta.internal.tokenizers.LegacyScanner.nextToken(LegacyScanner.scala:211)
	at scala.meta.internal.tokenizers.LegacyScanner.foreach(LegacyScanner.scala:1011)
	at scala.meta.internal.tokenizers.ScalametaTokenizer.uncachedTokenize(ScalametaTokenizer.scala:24)
	at scala.meta.internal.tokenizers.ScalametaTokenizer.$anonfun$tokenize$1(ScalametaTokenizer.scala:17)
	at scala.collection.concurrent.TrieMap.getOrElseUpdate(TrieMap.scala:962)
	at scala.meta.internal.tokenizers.ScalametaTokenizer.tokenize(ScalametaTokenizer.scala:17)
	at scala.meta.internal.tokenizers.ScalametaTokenizer$$anon$2.apply(ScalametaTokenizer.scala:332)
	at scala.meta.tokenizers.Api$XtensionTokenizeDialectInput.tokenize(Api.scala:25)
	at scala.meta.tokenizers.Api$XtensionTokenizeInputLike.tokenize(Api.scala:14)
	at scala.meta.internal.metals.SemanticTokensProvider$.getTokens(SemanticTokensProvider.scala:28)
	at scala.meta.internal.metals.SemanticTokensProvider$.provide(SemanticTokensProvider.scala:89)
	at scala.meta.internal.metals.Compilers.$anonfun$semanticTokens$3(Compilers.scala:541)
	at scala.concurrent.impl.Promise$Transformation.run(Promise.scala:467)
	at java.util.concurrent.ThreadPoolExecutor.runWorker(ThreadPoolExecutor.java:1128)
	at java.util.concurrent.ThreadPoolExecutor$Worker.run(ThreadPoolExecutor.java:628)
	at java.lang.Thread.run(Thread.java:829)

2024.01.25 18:06:53 WARN  no build target for: /home/ubuntu/Downloads/mnmcount/scala/src/main/scala/mnmc/MnMcount.scala
2024.01.25 18:06:57 WARN  no build target for: /home/ubuntu/Downloads/mnmcount/scala/src/main/scala/mnmc/MnMcount.scala
2024.01.25 18:06:58 WARN  no build target for: /home/ubuntu/Downloads/mnmcount/scala/src/main/scala/mnmc/MnMcount.scala
Jan 25, 2024 6:07:00 PM org.eclipse.lsp4j.jsonrpc.RemoteEndpoint handleCancellation
WARNING: Unmatched cancel notification for request id 243
Jan 25, 2024 6:07:00 PM org.eclipse.lsp4j.jsonrpc.RemoteEndpoint handleCancellation
WARNING: Unmatched cancel notification for request id 244
2024.01.25 18:07:02 WARN  no build target for: /home/ubuntu/Downloads/mnmcount/scala/src/main/scala/mnmc/MnMcount.scala
Jan 25, 2024 6:07:03 PM org.eclipse.lsp4j.jsonrpc.RemoteEndpoint handleCancellation
WARNING: Unmatched cancel notification for request id 255
Jan 25, 2024 6:07:03 PM org.eclipse.lsp4j.jsonrpc.RemoteEndpoint handleCancellation
WARNING: Unmatched cancel notification for request id 256
2024.01.25 18:07:07 WARN  no build target for: /home/ubuntu/Downloads/mnmcount/scala/src/main/scala/mnmc/MnMcount.scala
2024.01.25 18:07:08 WARN  no build target for: /home/ubuntu/Downloads/mnmcount/scala/src/main/scala/mnmc/MnMcount.scala
2024.01.25 18:07:09 WARN  no build target for: /home/ubuntu/Downloads/mnmcount/scala/src/main/scala/mnmc/MnMcount.scala
2024.01.25 18:07:12 WARN  no build target for: /home/ubuntu/Downloads/mnmcount/scala/src/main/scala/mnmc/MnMcount.scala
2024.01.25 18:07:16 WARN  no build target for: /home/ubuntu/Downloads/mnmcount/scala/src/main/scala/mnmc/MnMcount.scala
2024.01.25 18:08:29 WARN  no build target for: /home/ubuntu/Downloads/mnmcount/scala/src/main/scala/mnmc/MnMcount.scala
2024.01.25 18:08:34 WARN  no build target for: /home/ubuntu/Downloads/mnmcount/scala/src/main/scala/mnmc/MnMcount.scala
Jan 25, 2024 6:08:34 PM org.eclipse.lsp4j.jsonrpc.RemoteEndpoint handleCancellation
WARNING: Unmatched cancel notification for request id 328
2024.01.25 18:08:36 WARN  no build target for: /home/ubuntu/Downloads/mnmcount/scala/src/main/scala/mnmc/MnMcount.scala
2024.01.25 18:08:39 WARN  no build target for: /home/ubuntu/Downloads/mnmcount/scala/src/main/scala/mnmc/MnMcount.scala
2024.01.25 18:08:41 WARN  no build target for: /home/ubuntu/Downloads/mnmcount/scala/src/main/scala/mnmc/MnMcount.scala
2024.01.25 18:08:42 WARN  no build target for: /home/ubuntu/Downloads/mnmcount/scala/src/main/scala/mnmc/MnMcount.scala
2024.01.25 18:08:49 WARN  no build target for: /home/ubuntu/Downloads/mnmcount/scala/src/main/scala/mnmc/MnMcount.scala
2024.01.25 18:08:53 WARN  no build target for: /home/ubuntu/Downloads/mnmcount/scala/src/main/scala/mnmc/MnMcount.scala
2024.01.25 18:09:21 INFO  time: code lens generation in 1.2s
2024.01.25 18:09:22 WARN  no build target for: /home/ubuntu/Downloads/mnmcount/scala/src/main/scala/mnmc/MnMcount.scala
Jan 25, 2024 6:10:14 PM org.eclipse.lsp4j.jsonrpc.RemoteEndpoint handleCancellation
WARNING: Unmatched cancel notification for request id 394
Jan 25, 2024 6:10:17 PM org.eclipse.lsp4j.jsonrpc.RemoteEndpoint handleCancellation
WARNING: Unmatched cancel notification for request id 399
2024.01.25 18:10:19 WARN  no build target for: /home/ubuntu/Downloads/mnmcount/scala/src/main/scala/mnmc/MnMcount.scala
2024.01.25 18:10:21 WARN  no build target for: /home/ubuntu/Downloads/mnmcount/scala/src/main/scala/mnmc/MnMcount.scala
2024.01.25 18:10:51 WARN  no build target for: /home/ubuntu/Downloads/mnmcount/scala/src/main/scala/mnmc/MnMcount.scala
2024.01.25 18:10:52 WARN  no build target for: /home/ubuntu/Downloads/mnmcount/scala/src/main/scala/mnmc/MnMcount.scala
2024.01.25 18:10:55 WARN  no build target for: /home/ubuntu/Downloads/mnmcount/scala/src/main/scala/mnmc/MnMcount.scala
2024.01.25 18:10:59 WARN  no build target for: /home/ubuntu/Downloads/mnmcount/scala/src/main/scala/mnmc/MnMcount.scala
2024.01.25 18:11:01 WARN  no build target for: /home/ubuntu/Downloads/mnmcount/scala/src/main/scala/mnmc/MnMcount.scala
Jan 25, 2024 6:11:01 PM org.eclipse.lsp4j.jsonrpc.RemoteEndpoint handleCancellation
WARNING: Unmatched cancel notification for request id 475
2024.01.25 18:11:03 WARN  no build target for: /home/ubuntu/Downloads/mnmcount/scala/src/main/scala/mnmc/MnMcount.scala
Jan 25, 2024 6:11:04 PM org.eclipse.lsp4j.jsonrpc.RemoteEndpoint handleCancellation
WARNING: Unmatched cancel notification for request id 483
2024.01.25 18:11:05 WARN  no build target for: /home/ubuntu/Downloads/mnmcount/scala/src/main/scala/mnmc/MnMcount.scala
2024.01.25 18:11:09 INFO  time: code lens generation in 1.57s
2024.01.25 18:11:11 WARN  no build target for: /home/ubuntu/Downloads/mnmcount/scala/src/main/scala/mnmc/MnMcount.scala
Jan 25, 2024 6:11:39 PM org.eclipse.lsp4j.jsonrpc.RemoteEndpoint handleCancellation
WARNING: Unmatched cancel notification for request id 521
Jan 25, 2024 6:11:47 PM org.eclipse.lsp4j.jsonrpc.RemoteEndpoint handleCancellation
WARNING: Unmatched cancel notification for request id 523
2024.01.25 18:11:52 WARN  no build target for: /home/ubuntu/Downloads/mnmcount/scala/src/main/scala/mnmc/MnMcount.scala
2024.01.25 18:11:53 WARN  no build target for: /home/ubuntu/Downloads/mnmcount/scala/src/main/scala/mnmc/MnMcount.scala
2024.01.25 18:11:58 INFO  time: code lens generation in 1.29s
Jan 25, 2024 6:11:58 PM org.eclipse.lsp4j.jsonrpc.RemoteEndpoint handleCancellation
WARNING: Unmatched cancel notification for request id 550
2024.01.25 18:11:59 WARN  no build target for: /home/ubuntu/Downloads/mnmcount/scala/src/main/scala/mnmc/MnMcount.scala
2024.01.25 18:12:03 WARN  no build target for: /home/ubuntu/Downloads/mnmcount/scala/src/main/scala/mnmc/MnMcount.scala
2024.01.25 18:12:05 WARN  no build target for: /home/ubuntu/Downloads/mnmcount/scala/src/main/scala/mnmc/MnMcount.scala
2024.01.25 18:12:29 WARN  no build target for: /home/ubuntu/Downloads/mnmcount/scala/src/main/scala/mnmc/MnMcount.scala
2024.01.25 18:12:30 WARN  no build target for: /home/ubuntu/Downloads/mnmcount/scala/src/main/scala/mnmc/MnMcount.scala
2024.01.25 18:12:32 WARN  no build target for: /home/ubuntu/Downloads/mnmcount/scala/src/main/scala/mnmc/MnMcount.scala
2024.01.25 18:12:34 WARN  no build target for: /home/ubuntu/Downloads/mnmcount/scala/src/main/scala/mnmc/MnMcount.scala
2024.01.25 18:12:35 WARN  no build target for: /home/ubuntu/Downloads/mnmcount/scala/src/main/scala/mnmc/MnMcount.scala
2024.01.25 18:12:37 WARN  no build target for: /home/ubuntu/Downloads/mnmcount/scala/src/main/scala/mnmc/MnMcount.scala
2024.01.25 18:12:41 WARN  no build target for: /home/ubuntu/Downloads/mnmcount/scala/src/main/scala/mnmc/MnMcount.scala
2024.01.25 18:13:07 WARN  no build target for: /home/ubuntu/Downloads/mnmcount/scala/src/main/scala/mnmc/MnMcount.scala
2024.01.25 18:13:11 WARN  no build target for: /home/ubuntu/Downloads/mnmcount/scala/src/main/scala/mnmc/MnMcount.scala
2024.01.25 18:13:20 WARN  no build target for: /home/ubuntu/Downloads/mnmcount/scala/src/main/scala/mnmc/MnMcount.scala
2024.01.25 18:13:22 WARN  no build target for: /home/ubuntu/Downloads/mnmcount/scala/src/main/scala/mnmc/MnMcount.scala
2024.01.25 18:13:24 WARN  no build target for: /home/ubuntu/Downloads/mnmcount/scala/src/main/scala/mnmc/MnMcount.scala
2024.01.25 18:13:25 WARN  no build target for: /home/ubuntu/Downloads/mnmcount/scala/src/main/scala/mnmc/MnMcount.scala
2024.01.25 18:13:29 WARN  no build target for: /home/ubuntu/Downloads/mnmcount/scala/src/main/scala/mnmc/MnMcount.scala
2024.01.25 18:13:31 WARN  no build target for: /home/ubuntu/Downloads/mnmcount/scala/src/main/scala/mnmc/MnMcount.scala
2024.01.25 18:14:10 WARN  no build target for: /home/ubuntu/Downloads/mnmcount/scala/src/main/scala/mnmc/MnMcount.scala
2024.01.25 18:14:12 WARN  no build target for: /home/ubuntu/Downloads/mnmcount/scala/src/main/scala/mnmc/MnMcount.scala
2024.01.25 18:14:16 WARN  no build target for: /home/ubuntu/Downloads/mnmcount/scala/src/main/scala/mnmc/MnMcount.scala
Jan 25, 2024 6:21:39 PM org.eclipse.lsp4j.jsonrpc.RemoteEndpoint handleCancellation
WARNING: Unmatched cancel notification for request id 726
Jan 25, 2024 6:21:39 PM org.eclipse.lsp4j.jsonrpc.RemoteEndpoint handleCancellation
WARNING: Unmatched cancel notification for request id 727
2024.01.25 18:21:42 WARN  no build target for: /home/ubuntu/Downloads/mnmcount/scala/src/main/scala/mnmc/MnMcount.scala
2024.01.25 18:21:48 ERROR Failed to tokenize input for semantic tokens for /home/ubuntu/Downloads/mnmcount/scala/src/main/scala/mnmc/MnMcount.scala
scala.meta.tokenizers.TokenizeException: <input>:35: error: unclosed string interpolation
    val paht = s"hdfs://localhost:9000/user//home/ubuntu/Downloads/mnmcount/scala/data/Datajours4.json
                 ^
	at scala.meta.internal.tokenizers.Reporter.syntaxError(Reporter.scala:23)
	at scala.meta.internal.tokenizers.Reporter.syntaxError$(Reporter.scala:23)
	at scala.meta.internal.tokenizers.Reporter$$anon$1.syntaxError(Reporter.scala:33)
	at scala.meta.internal.tokenizers.Reporter.syntaxError(Reporter.scala:25)
	at scala.meta.internal.tokenizers.Reporter.syntaxError$(Reporter.scala:25)
	at scala.meta.internal.tokenizers.Reporter$$anon$1.syntaxError(Reporter.scala:33)
	at scala.meta.internal.tokenizers.LegacyScanner.getStringPart(LegacyScanner.scala:659)
	at scala.meta.internal.tokenizers.LegacyScanner.fetchDoubleQuote$1(LegacyScanner.scala:357)
	at scala.meta.internal.tokenizers.LegacyScanner.fetchToken(LegacyScanner.scala:376)
	at scala.meta.internal.tokenizers.LegacyScanner.nextToken(LegacyScanner.scala:211)
	at scala.meta.internal.tokenizers.LegacyScanner.foreach(LegacyScanner.scala:1011)
	at scala.meta.internal.tokenizers.ScalametaTokenizer.uncachedTokenize(ScalametaTokenizer.scala:24)
	at scala.meta.internal.tokenizers.ScalametaTokenizer.$anonfun$tokenize$1(ScalametaTokenizer.scala:17)
	at scala.collection.concurrent.TrieMap.getOrElseUpdate(TrieMap.scala:962)
	at scala.meta.internal.tokenizers.ScalametaTokenizer.tokenize(ScalametaTokenizer.scala:17)
	at scala.meta.internal.tokenizers.ScalametaTokenizer$$anon$2.apply(ScalametaTokenizer.scala:332)
	at scala.meta.tokenizers.Api$XtensionTokenizeDialectInput.tokenize(Api.scala:25)
	at scala.meta.tokenizers.Api$XtensionTokenizeInputLike.tokenize(Api.scala:14)
	at scala.meta.internal.metals.SemanticTokensProvider$.getTokens(SemanticTokensProvider.scala:28)
	at scala.meta.internal.metals.SemanticTokensProvider$.provide(SemanticTokensProvider.scala:89)
	at scala.meta.internal.metals.Compilers.$anonfun$semanticTokens$3(Compilers.scala:541)
	at scala.concurrent.impl.Promise$Transformation.run(Promise.scala:467)
	at java.util.concurrent.ThreadPoolExecutor.runWorker(ThreadPoolExecutor.java:1128)
	at java.util.concurrent.ThreadPoolExecutor$Worker.run(ThreadPoolExecutor.java:628)
	at java.lang.Thread.run(Thread.java:829)

2024.01.25 18:21:48 INFO  time: code lens generation in 9.02s
2024.01.25 18:21:48 INFO  time: code lens generation in 3.05s
2024.01.25 18:21:48 INFO  time: code lens generation in 7.11s
2024.01.25 18:21:48 ERROR Failed to tokenize input for semantic tokens for /home/ubuntu/Downloads/mnmcount/scala/src/main/scala/mnmc/MnMcount.scala
scala.meta.tokenizers.TokenizeException: <input>:35: error: unclosed string interpolation
    val paht = s"hdfs://localhost:9000/user//
                 ^
	at scala.meta.internal.tokenizers.Reporter.syntaxError(Reporter.scala:23)
	at scala.meta.internal.tokenizers.Reporter.syntaxError$(Reporter.scala:23)
	at scala.meta.internal.tokenizers.Reporter$$anon$1.syntaxError(Reporter.scala:33)
	at scala.meta.internal.tokenizers.Reporter.syntaxError(Reporter.scala:25)
	at scala.meta.internal.tokenizers.Reporter.syntaxError$(Reporter.scala:25)
	at scala.meta.internal.tokenizers.Reporter$$anon$1.syntaxError(Reporter.scala:33)
	at scala.meta.internal.tokenizers.LegacyScanner.getStringPart(LegacyScanner.scala:659)
	at scala.meta.internal.tokenizers.LegacyScanner.fetchDoubleQuote$1(LegacyScanner.scala:357)
	at scala.meta.internal.tokenizers.LegacyScanner.fetchToken(LegacyScanner.scala:376)
	at scala.meta.internal.tokenizers.LegacyScanner.nextToken(LegacyScanner.scala:211)
	at scala.meta.internal.tokenizers.LegacyScanner.foreach(LegacyScanner.scala:1011)
	at scala.meta.internal.tokenizers.ScalametaTokenizer.uncachedTokenize(ScalametaTokenizer.scala:24)
	at scala.meta.internal.tokenizers.ScalametaTokenizer.$anonfun$tokenize$1(ScalametaTokenizer.scala:17)
	at scala.collection.concurrent.TrieMap.getOrElseUpdate(TrieMap.scala:962)
	at scala.meta.internal.tokenizers.ScalametaTokenizer.tokenize(ScalametaTokenizer.scala:17)
	at scala.meta.internal.tokenizers.ScalametaTokenizer$$anon$2.apply(ScalametaTokenizer.scala:332)
	at scala.meta.tokenizers.Api$XtensionTokenizeDialectInput.tokenize(Api.scala:25)
	at scala.meta.tokenizers.Api$XtensionTokenizeInputLike.tokenize(Api.scala:14)
	at scala.meta.internal.metals.SemanticTokensProvider$.getTokens(SemanticTokensProvider.scala:28)
	at scala.meta.internal.metals.SemanticTokensProvider$.provide(SemanticTokensProvider.scala:89)
	at scala.meta.internal.metals.Compilers.$anonfun$semanticTokens$3(Compilers.scala:541)
	at scala.concurrent.impl.Promise$Transformation.run(Promise.scala:467)
	at java.util.concurrent.ThreadPoolExecutor.runWorker(ThreadPoolExecutor.java:1128)
	at java.util.concurrent.ThreadPoolExecutor$Worker.run(ThreadPoolExecutor.java:628)
	at java.lang.Thread.run(Thread.java:829)

2024.01.25 18:21:50 ERROR Failed to tokenize input for semantic tokens for /home/ubuntu/Downloads/mnmcount/scala/src/main/scala/mnmc/MnMcount.scala
scala.meta.tokenizers.TokenizeException: <input>:35: error: unclosed string interpolation
    val paht = s"hdfs://localhost:9000/user/
                 ^
	at scala.meta.internal.tokenizers.Reporter.syntaxError(Reporter.scala:23)
	at scala.meta.internal.tokenizers.Reporter.syntaxError$(Reporter.scala:23)
	at scala.meta.internal.tokenizers.Reporter$$anon$1.syntaxError(Reporter.scala:33)
	at scala.meta.internal.tokenizers.Reporter.syntaxError(Reporter.scala:25)
	at scala.meta.internal.tokenizers.Reporter.syntaxError$(Reporter.scala:25)
	at scala.meta.internal.tokenizers.Reporter$$anon$1.syntaxError(Reporter.scala:33)
	at scala.meta.internal.tokenizers.LegacyScanner.getStringPart(LegacyScanner.scala:659)
	at scala.meta.internal.tokenizers.LegacyScanner.fetchDoubleQuote$1(LegacyScanner.scala:357)
	at scala.meta.internal.tokenizers.LegacyScanner.fetchToken(LegacyScanner.scala:376)
	at scala.meta.internal.tokenizers.LegacyScanner.nextToken(LegacyScanner.scala:211)
	at scala.meta.internal.tokenizers.LegacyScanner.foreach(LegacyScanner.scala:1011)
	at scala.meta.internal.tokenizers.ScalametaTokenizer.uncachedTokenize(ScalametaTokenizer.scala:24)
	at scala.meta.internal.tokenizers.ScalametaTokenizer.$anonfun$tokenize$1(ScalametaTokenizer.scala:17)
	at scala.collection.concurrent.TrieMap.getOrElseUpdate(TrieMap.scala:962)
	at scala.meta.internal.tokenizers.ScalametaTokenizer.tokenize(ScalametaTokenizer.scala:17)
	at scala.meta.internal.tokenizers.ScalametaTokenizer$$anon$2.apply(ScalametaTokenizer.scala:332)
	at scala.meta.tokenizers.Api$XtensionTokenizeDialectInput.tokenize(Api.scala:25)
	at scala.meta.tokenizers.Api$XtensionTokenizeInputLike.tokenize(Api.scala:14)
	at scala.meta.internal.metals.SemanticTokensProvider$.getTokens(SemanticTokensProvider.scala:28)
	at scala.meta.internal.metals.SemanticTokensProvider$.provide(SemanticTokensProvider.scala:89)
	at scala.meta.internal.metals.Compilers.$anonfun$semanticTokens$3(Compilers.scala:541)
	at scala.concurrent.impl.Promise$Transformation.run(Promise.scala:467)
	at java.util.concurrent.ThreadPoolExecutor.runWorker(ThreadPoolExecutor.java:1128)
	at java.util.concurrent.ThreadPoolExecutor$Worker.run(ThreadPoolExecutor.java:628)
	at java.lang.Thread.run(Thread.java:829)

2024.01.25 18:21:50 ERROR Failed to tokenize input for semantic tokens for /home/ubuntu/Downloads/mnmcount/scala/src/main/scala/mnmc/MnMcount.scala
scala.meta.tokenizers.TokenizeException: <input>:35: error: unclosed string interpolation
    val paht = s"hdfs://localhost:9000/user
                 ^
	at scala.meta.internal.tokenizers.Reporter.syntaxError(Reporter.scala:23)
	at scala.meta.internal.tokenizers.Reporter.syntaxError$(Reporter.scala:23)
	at scala.meta.internal.tokenizers.Reporter$$anon$1.syntaxError(Reporter.scala:33)
	at scala.meta.internal.tokenizers.Reporter.syntaxError(Reporter.scala:25)
	at scala.meta.internal.tokenizers.Reporter.syntaxError$(Reporter.scala:25)
	at scala.meta.internal.tokenizers.Reporter$$anon$1.syntaxError(Reporter.scala:33)
	at scala.meta.internal.tokenizers.LegacyScanner.getStringPart(LegacyScanner.scala:659)
	at scala.meta.internal.tokenizers.LegacyScanner.fetchDoubleQuote$1(LegacyScanner.scala:357)
	at scala.meta.internal.tokenizers.LegacyScanner.fetchToken(LegacyScanner.scala:376)
	at scala.meta.internal.tokenizers.LegacyScanner.nextToken(LegacyScanner.scala:211)
	at scala.meta.internal.tokenizers.LegacyScanner.foreach(LegacyScanner.scala:1011)
	at scala.meta.internal.tokenizers.ScalametaTokenizer.uncachedTokenize(ScalametaTokenizer.scala:24)
	at scala.meta.internal.tokenizers.ScalametaTokenizer.$anonfun$tokenize$1(ScalametaTokenizer.scala:17)
	at scala.collection.concurrent.TrieMap.getOrElseUpdate(TrieMap.scala:962)
	at scala.meta.internal.tokenizers.ScalametaTokenizer.tokenize(ScalametaTokenizer.scala:17)
	at scala.meta.internal.tokenizers.ScalametaTokenizer$$anon$2.apply(ScalametaTokenizer.scala:332)
	at scala.meta.tokenizers.Api$XtensionTokenizeDialectInput.tokenize(Api.scala:25)
	at scala.meta.tokenizers.Api$XtensionTokenizeInputLike.tokenize(Api.scala:14)
	at scala.meta.internal.metals.SemanticTokensProvider$.getTokens(SemanticTokensProvider.scala:28)
	at scala.meta.internal.metals.SemanticTokensProvider$.provide(SemanticTokensProvider.scala:89)
	at scala.meta.internal.metals.Compilers.$anonfun$semanticTokens$3(Compilers.scala:541)
	at scala.concurrent.impl.Promise$Transformation.run(Promise.scala:467)
	at java.util.concurrent.ThreadPoolExecutor.runWorker(ThreadPoolExecutor.java:1128)
	at java.util.concurrent.ThreadPoolExecutor$Worker.run(ThreadPoolExecutor.java:628)
	at java.lang.Thread.run(Thread.java:829)

2024.01.25 18:21:51 ERROR Failed to tokenize input for semantic tokens for /home/ubuntu/Downloads/mnmcount/scala/src/main/scala/mnmc/MnMcount.scala
scala.meta.tokenizers.TokenizeException: <input>:35: error: unclosed string interpolation
    val paht = s"hdfs://localhost:9000/use
                 ^
	at scala.meta.internal.tokenizers.Reporter.syntaxError(Reporter.scala:23)
	at scala.meta.internal.tokenizers.Reporter.syntaxError$(Reporter.scala:23)
	at scala.meta.internal.tokenizers.Reporter$$anon$1.syntaxError(Reporter.scala:33)
	at scala.meta.internal.tokenizers.Reporter.syntaxError(Reporter.scala:25)
	at scala.meta.internal.tokenizers.Reporter.syntaxError$(Reporter.scala:25)
	at scala.meta.internal.tokenizers.Reporter$$anon$1.syntaxError(Reporter.scala:33)
	at scala.meta.internal.tokenizers.LegacyScanner.getStringPart(LegacyScanner.scala:659)
	at scala.meta.internal.tokenizers.LegacyScanner.fetchDoubleQuote$1(LegacyScanner.scala:357)
	at scala.meta.internal.tokenizers.LegacyScanner.fetchToken(LegacyScanner.scala:376)
	at scala.meta.internal.tokenizers.LegacyScanner.nextToken(LegacyScanner.scala:211)
	at scala.meta.internal.tokenizers.LegacyScanner.foreach(LegacyScanner.scala:1011)
	at scala.meta.internal.tokenizers.ScalametaTokenizer.uncachedTokenize(ScalametaTokenizer.scala:24)
	at scala.meta.internal.tokenizers.ScalametaTokenizer.$anonfun$tokenize$1(ScalametaTokenizer.scala:17)
	at scala.collection.concurrent.TrieMap.getOrElseUpdate(TrieMap.scala:962)
	at scala.meta.internal.tokenizers.ScalametaTokenizer.tokenize(ScalametaTokenizer.scala:17)
	at scala.meta.internal.tokenizers.ScalametaTokenizer$$anon$2.apply(ScalametaTokenizer.scala:332)
	at scala.meta.tokenizers.Api$XtensionTokenizeDialectInput.tokenize(Api.scala:25)
	at scala.meta.tokenizers.Api$XtensionTokenizeInputLike.tokenize(Api.scala:14)
	at scala.meta.internal.metals.SemanticTokensProvider$.getTokens(SemanticTokensProvider.scala:28)
	at scala.meta.internal.metals.SemanticTokensProvider$.provide(SemanticTokensProvider.scala:89)
	at scala.meta.internal.metals.Compilers.$anonfun$semanticTokens$3(Compilers.scala:541)
	at scala.concurrent.impl.Promise$Transformation.run(Promise.scala:467)
	at java.util.concurrent.ThreadPoolExecutor.runWorker(ThreadPoolExecutor.java:1128)
	at java.util.concurrent.ThreadPoolExecutor$Worker.run(ThreadPoolExecutor.java:628)
	at java.lang.Thread.run(Thread.java:829)

2024.01.25 18:21:52 ERROR Failed to tokenize input for semantic tokens for /home/ubuntu/Downloads/mnmcount/scala/src/main/scala/mnmc/MnMcount.scala
scala.meta.tokenizers.TokenizeException: <input>:35: error: unclosed string interpolation
    val paht = s"hdfs://localhost:9000/us
                 ^
	at scala.meta.internal.tokenizers.Reporter.syntaxError(Reporter.scala:23)
	at scala.meta.internal.tokenizers.Reporter.syntaxError$(Reporter.scala:23)
	at scala.meta.internal.tokenizers.Reporter$$anon$1.syntaxError(Reporter.scala:33)
	at scala.meta.internal.tokenizers.Reporter.syntaxError(Reporter.scala:25)
	at scala.meta.internal.tokenizers.Reporter.syntaxError$(Reporter.scala:25)
	at scala.meta.internal.tokenizers.Reporter$$anon$1.syntaxError(Reporter.scala:33)
	at scala.meta.internal.tokenizers.LegacyScanner.getStringPart(LegacyScanner.scala:659)
	at scala.meta.internal.tokenizers.LegacyScanner.fetchDoubleQuote$1(LegacyScanner.scala:357)
	at scala.meta.internal.tokenizers.LegacyScanner.fetchToken(LegacyScanner.scala:376)
	at scala.meta.internal.tokenizers.LegacyScanner.nextToken(LegacyScanner.scala:211)
	at scala.meta.internal.tokenizers.LegacyScanner.foreach(LegacyScanner.scala:1011)
	at scala.meta.internal.tokenizers.ScalametaTokenizer.uncachedTokenize(ScalametaTokenizer.scala:24)
	at scala.meta.internal.tokenizers.ScalametaTokenizer.$anonfun$tokenize$1(ScalametaTokenizer.scala:17)
	at scala.collection.concurrent.TrieMap.getOrElseUpdate(TrieMap.scala:962)
	at scala.meta.internal.tokenizers.ScalametaTokenizer.tokenize(ScalametaTokenizer.scala:17)
	at scala.meta.internal.tokenizers.ScalametaTokenizer$$anon$2.apply(ScalametaTokenizer.scala:332)
	at scala.meta.tokenizers.Api$XtensionTokenizeDialectInput.tokenize(Api.scala:25)
	at scala.meta.tokenizers.Api$XtensionTokenizeInputLike.tokenize(Api.scala:14)
	at scala.meta.internal.metals.SemanticTokensProvider$.getTokens(SemanticTokensProvider.scala:28)
	at scala.meta.internal.metals.SemanticTokensProvider$.provide(SemanticTokensProvider.scala:89)
	at scala.meta.internal.metals.Compilers.$anonfun$semanticTokens$3(Compilers.scala:541)
	at scala.concurrent.impl.Promise$Transformation.run(Promise.scala:467)
	at java.util.concurrent.ThreadPoolExecutor.runWorker(ThreadPoolExecutor.java:1128)
	at java.util.concurrent.ThreadPoolExecutor$Worker.run(ThreadPoolExecutor.java:628)
	at java.lang.Thread.run(Thread.java:829)

2024.01.25 18:21:53 ERROR Failed to tokenize input for semantic tokens for /home/ubuntu/Downloads/mnmcount/scala/src/main/scala/mnmc/MnMcount.scala
scala.meta.tokenizers.TokenizeException: <input>:35: error: unclosed string interpolation
    val paht = s"hdfs://localhost:9000/u
                 ^
	at scala.meta.internal.tokenizers.Reporter.syntaxError(Reporter.scala:23)
	at scala.meta.internal.tokenizers.Reporter.syntaxError$(Reporter.scala:23)
	at scala.meta.internal.tokenizers.Reporter$$anon$1.syntaxError(Reporter.scala:33)
	at scala.meta.internal.tokenizers.Reporter.syntaxError(Reporter.scala:25)
	at scala.meta.internal.tokenizers.Reporter.syntaxError$(Reporter.scala:25)
	at scala.meta.internal.tokenizers.Reporter$$anon$1.syntaxError(Reporter.scala:33)
	at scala.meta.internal.tokenizers.LegacyScanner.getStringPart(LegacyScanner.scala:659)
	at scala.meta.internal.tokenizers.LegacyScanner.fetchDoubleQuote$1(LegacyScanner.scala:357)
	at scala.meta.internal.tokenizers.LegacyScanner.fetchToken(LegacyScanner.scala:376)
	at scala.meta.internal.tokenizers.LegacyScanner.nextToken(LegacyScanner.scala:211)
	at scala.meta.internal.tokenizers.LegacyScanner.foreach(LegacyScanner.scala:1011)
	at scala.meta.internal.tokenizers.ScalametaTokenizer.uncachedTokenize(ScalametaTokenizer.scala:24)
	at scala.meta.internal.tokenizers.ScalametaTokenizer.$anonfun$tokenize$1(ScalametaTokenizer.scala:17)
	at scala.collection.concurrent.TrieMap.getOrElseUpdate(TrieMap.scala:962)
	at scala.meta.internal.tokenizers.ScalametaTokenizer.tokenize(ScalametaTokenizer.scala:17)
	at scala.meta.internal.tokenizers.ScalametaTokenizer$$anon$2.apply(ScalametaTokenizer.scala:332)
	at scala.meta.tokenizers.Api$XtensionTokenizeDialectInput.tokenize(Api.scala:25)
	at scala.meta.tokenizers.Api$XtensionTokenizeInputLike.tokenize(Api.scala:14)
	at scala.meta.internal.metals.SemanticTokensProvider$.getTokens(SemanticTokensProvider.scala:28)
	at scala.meta.internal.metals.SemanticTokensProvider$.provide(SemanticTokensProvider.scala:89)
	at scala.meta.internal.metals.Compilers.$anonfun$semanticTokens$3(Compilers.scala:541)
	at scala.concurrent.impl.Promise$Transformation.run(Promise.scala:467)
	at java.util.concurrent.ThreadPoolExecutor.runWorker(ThreadPoolExecutor.java:1128)
	at java.util.concurrent.ThreadPoolExecutor$Worker.run(ThreadPoolExecutor.java:628)
	at java.lang.Thread.run(Thread.java:829)

2024.01.25 18:21:54 WARN  no build target for: /home/ubuntu/Downloads/mnmcount/scala/src/main/scala/mnmc/MnMcount.scala
2024.01.25 18:21:54 ERROR Failed to tokenize input for semantic tokens for /home/ubuntu/Downloads/mnmcount/scala/src/main/scala/mnmc/MnMcount.scala
scala.meta.tokenizers.TokenizeException: <input>:35: error: unclosed string interpolation
    val paht = s"hdfs://localhost:9000/u
                 ^
	at scala.meta.internal.tokenizers.Reporter.syntaxError(Reporter.scala:23)
	at scala.meta.internal.tokenizers.Reporter.syntaxError$(Reporter.scala:23)
	at scala.meta.internal.tokenizers.Reporter$$anon$1.syntaxError(Reporter.scala:33)
	at scala.meta.internal.tokenizers.Reporter.syntaxError(Reporter.scala:25)
	at scala.meta.internal.tokenizers.Reporter.syntaxError$(Reporter.scala:25)
	at scala.meta.internal.tokenizers.Reporter$$anon$1.syntaxError(Reporter.scala:33)
	at scala.meta.internal.tokenizers.LegacyScanner.getStringPart(LegacyScanner.scala:659)
	at scala.meta.internal.tokenizers.LegacyScanner.fetchDoubleQuote$1(LegacyScanner.scala:357)
	at scala.meta.internal.tokenizers.LegacyScanner.fetchToken(LegacyScanner.scala:376)
	at scala.meta.internal.tokenizers.LegacyScanner.nextToken(LegacyScanner.scala:211)
	at scala.meta.internal.tokenizers.LegacyScanner.foreach(LegacyScanner.scala:1011)
	at scala.meta.internal.tokenizers.ScalametaTokenizer.uncachedTokenize(ScalametaTokenizer.scala:24)
	at scala.meta.internal.tokenizers.ScalametaTokenizer.$anonfun$tokenize$1(ScalametaTokenizer.scala:17)
	at scala.collection.concurrent.TrieMap.getOrElseUpdate(TrieMap.scala:962)
	at scala.meta.internal.tokenizers.ScalametaTokenizer.tokenize(ScalametaTokenizer.scala:17)
	at scala.meta.internal.tokenizers.ScalametaTokenizer$$anon$2.apply(ScalametaTokenizer.scala:332)
	at scala.meta.tokenizers.Api$XtensionTokenizeDialectInput.tokenize(Api.scala:25)
	at scala.meta.tokenizers.Api$XtensionTokenizeInputLike.tokenize(Api.scala:14)
	at scala.meta.internal.metals.SemanticTokensProvider$.getTokens(SemanticTokensProvider.scala:28)
	at scala.meta.internal.metals.SemanticTokensProvider$.provide(SemanticTokensProvider.scala:89)
	at scala.meta.internal.metals.Compilers.$anonfun$semanticTokens$3(Compilers.scala:541)
	at scala.concurrent.impl.Promise$Transformation.run(Promise.scala:467)
	at java.util.concurrent.ThreadPoolExecutor.runWorker(ThreadPoolExecutor.java:1128)
	at java.util.concurrent.ThreadPoolExecutor$Worker.run(ThreadPoolExecutor.java:628)
	at java.lang.Thread.run(Thread.java:829)

2024.01.25 18:21:54 ERROR Failed to tokenize input for semantic tokens for /home/ubuntu/Downloads/mnmcount/scala/src/main/scala/mnmc/MnMcount.scala
scala.meta.tokenizers.TokenizeException: <input>:35: error: unclosed string interpolation
    val paht = s"hdfs://localhost:9000
                 ^
	at scala.meta.internal.tokenizers.Reporter.syntaxError(Reporter.scala:23)
	at scala.meta.internal.tokenizers.Reporter.syntaxError$(Reporter.scala:23)
	at scala.meta.internal.tokenizers.Reporter$$anon$1.syntaxError(Reporter.scala:33)
	at scala.meta.internal.tokenizers.Reporter.syntaxError(Reporter.scala:25)
	at scala.meta.internal.tokenizers.Reporter.syntaxError$(Reporter.scala:25)
	at scala.meta.internal.tokenizers.Reporter$$anon$1.syntaxError(Reporter.scala:33)
	at scala.meta.internal.tokenizers.LegacyScanner.getStringPart(LegacyScanner.scala:659)
	at scala.meta.internal.tokenizers.LegacyScanner.fetchDoubleQuote$1(LegacyScanner.scala:357)
	at scala.meta.internal.tokenizers.LegacyScanner.fetchToken(LegacyScanner.scala:376)
	at scala.meta.internal.tokenizers.LegacyScanner.nextToken(LegacyScanner.scala:211)
	at scala.meta.internal.tokenizers.LegacyScanner.foreach(LegacyScanner.scala:1011)
	at scala.meta.internal.tokenizers.ScalametaTokenizer.uncachedTokenize(ScalametaTokenizer.scala:24)
	at scala.meta.internal.tokenizers.ScalametaTokenizer.$anonfun$tokenize$1(ScalametaTokenizer.scala:17)
	at scala.collection.concurrent.TrieMap.getOrElseUpdate(TrieMap.scala:962)
	at scala.meta.internal.tokenizers.ScalametaTokenizer.tokenize(ScalametaTokenizer.scala:17)
	at scala.meta.internal.tokenizers.ScalametaTokenizer$$anon$2.apply(ScalametaTokenizer.scala:332)
	at scala.meta.tokenizers.Api$XtensionTokenizeDialectInput.tokenize(Api.scala:25)
	at scala.meta.tokenizers.Api$XtensionTokenizeInputLike.tokenize(Api.scala:14)
	at scala.meta.internal.metals.SemanticTokensProvider$.getTokens(SemanticTokensProvider.scala:28)
	at scala.meta.internal.metals.SemanticTokensProvider$.provide(SemanticTokensProvider.scala:89)
	at scala.meta.internal.metals.Compilers.$anonfun$semanticTokens$3(Compilers.scala:541)
	at scala.concurrent.impl.Promise$Transformation.run(Promise.scala:467)
	at java.util.concurrent.ThreadPoolExecutor.runWorker(ThreadPoolExecutor.java:1128)
	at java.util.concurrent.ThreadPoolExecutor$Worker.run(ThreadPoolExecutor.java:628)
	at java.lang.Thread.run(Thread.java:829)

2024.01.25 18:21:58 WARN  no build target for: /home/ubuntu/Downloads/mnmcount/scala/src/main/scala/mnmc/MnMcount.scala
2024.01.25 18:21:58 ERROR Failed to tokenize input for semantic tokens for /home/ubuntu/Downloads/mnmcount/scala/src/main/scala/mnmc/MnMcount.scala
scala.meta.tokenizers.TokenizeException: <input>:35: error: unclosed string interpolation
    val paht = s"hdfs://localhost:9000
                 ^
	at scala.meta.internal.tokenizers.Reporter.syntaxError(Reporter.scala:23)
	at scala.meta.internal.tokenizers.Reporter.syntaxError$(Reporter.scala:23)
	at scala.meta.internal.tokenizers.Reporter$$anon$1.syntaxError(Reporter.scala:33)
	at scala.meta.internal.tokenizers.Reporter.syntaxError(Reporter.scala:25)
	at scala.meta.internal.tokenizers.Reporter.syntaxError$(Reporter.scala:25)
	at scala.meta.internal.tokenizers.Reporter$$anon$1.syntaxError(Reporter.scala:33)
	at scala.meta.internal.tokenizers.LegacyScanner.getStringPart(LegacyScanner.scala:659)
	at scala.meta.internal.tokenizers.LegacyScanner.fetchDoubleQuote$1(LegacyScanner.scala:357)
	at scala.meta.internal.tokenizers.LegacyScanner.fetchToken(LegacyScanner.scala:376)
	at scala.meta.internal.tokenizers.LegacyScanner.nextToken(LegacyScanner.scala:211)
	at scala.meta.internal.tokenizers.LegacyScanner.foreach(LegacyScanner.scala:1011)
	at scala.meta.internal.tokenizers.ScalametaTokenizer.uncachedTokenize(ScalametaTokenizer.scala:24)
	at scala.meta.internal.tokenizers.ScalametaTokenizer.$anonfun$tokenize$1(ScalametaTokenizer.scala:17)
	at scala.collection.concurrent.TrieMap.getOrElseUpdate(TrieMap.scala:962)
	at scala.meta.internal.tokenizers.ScalametaTokenizer.tokenize(ScalametaTokenizer.scala:17)
	at scala.meta.internal.tokenizers.ScalametaTokenizer$$anon$2.apply(ScalametaTokenizer.scala:332)
	at scala.meta.tokenizers.Api$XtensionTokenizeDialectInput.tokenize(Api.scala:25)
	at scala.meta.tokenizers.Api$XtensionTokenizeInputLike.tokenize(Api.scala:14)
	at scala.meta.internal.metals.SemanticTokensProvider$.getTokens(SemanticTokensProvider.scala:28)
	at scala.meta.internal.metals.SemanticTokensProvider$.provide(SemanticTokensProvider.scala:89)
	at scala.meta.internal.metals.Compilers.$anonfun$semanticTokens$3(Compilers.scala:541)
	at scala.concurrent.impl.Promise$Transformation.run(Promise.scala:467)
	at java.util.concurrent.ThreadPoolExecutor.runWorker(ThreadPoolExecutor.java:1128)
	at java.util.concurrent.ThreadPoolExecutor$Worker.run(ThreadPoolExecutor.java:628)
	at java.lang.Thread.run(Thread.java:829)

2024.01.25 18:21:59 WARN  no build target for: /home/ubuntu/Downloads/mnmcount/scala/src/main/scala/mnmc/MnMcount.scala
2024.01.25 18:21:59 ERROR Failed to tokenize input for semantic tokens for /home/ubuntu/Downloads/mnmcount/scala/src/main/scala/mnmc/MnMcount.scala
scala.meta.tokenizers.TokenizeException: <input>:35: error: unclosed string interpolation
    val paht = s"hdfs://localhost:9000/user/Datalake/temperature
                 ^
	at scala.meta.internal.tokenizers.Reporter.syntaxError(Reporter.scala:23)
	at scala.meta.internal.tokenizers.Reporter.syntaxError$(Reporter.scala:23)
	at scala.meta.internal.tokenizers.Reporter$$anon$1.syntaxError(Reporter.scala:33)
	at scala.meta.internal.tokenizers.Reporter.syntaxError(Reporter.scala:25)
	at scala.meta.internal.tokenizers.Reporter.syntaxError$(Reporter.scala:25)
	at scala.meta.internal.tokenizers.Reporter$$anon$1.syntaxError(Reporter.scala:33)
	at scala.meta.internal.tokenizers.LegacyScanner.getStringPart(LegacyScanner.scala:659)
	at scala.meta.internal.tokenizers.LegacyScanner.fetchDoubleQuote$1(LegacyScanner.scala:357)
	at scala.meta.internal.tokenizers.LegacyScanner.fetchToken(LegacyScanner.scala:376)
	at scala.meta.internal.tokenizers.LegacyScanner.nextToken(LegacyScanner.scala:211)
	at scala.meta.internal.tokenizers.LegacyScanner.foreach(LegacyScanner.scala:1011)
	at scala.meta.internal.tokenizers.ScalametaTokenizer.uncachedTokenize(ScalametaTokenizer.scala:24)
	at scala.meta.internal.tokenizers.ScalametaTokenizer.$anonfun$tokenize$1(ScalametaTokenizer.scala:17)
	at scala.collection.concurrent.TrieMap.getOrElseUpdate(TrieMap.scala:962)
	at scala.meta.internal.tokenizers.ScalametaTokenizer.tokenize(ScalametaTokenizer.scala:17)
	at scala.meta.internal.tokenizers.ScalametaTokenizer$$anon$2.apply(ScalametaTokenizer.scala:332)
	at scala.meta.tokenizers.Api$XtensionTokenizeDialectInput.tokenize(Api.scala:25)
	at scala.meta.tokenizers.Api$XtensionTokenizeInputLike.tokenize(Api.scala:14)
	at scala.meta.internal.metals.SemanticTokensProvider$.getTokens(SemanticTokensProvider.scala:28)
	at scala.meta.internal.metals.SemanticTokensProvider$.provide(SemanticTokensProvider.scala:89)
	at scala.meta.internal.metals.Compilers.$anonfun$semanticTokens$3(Compilers.scala:541)
	at scala.concurrent.impl.Promise$Transformation.run(Promise.scala:467)
	at java.util.concurrent.ThreadPoolExecutor.runWorker(ThreadPoolExecutor.java:1128)
	at java.util.concurrent.ThreadPoolExecutor$Worker.run(ThreadPoolExecutor.java:628)
	at java.lang.Thread.run(Thread.java:829)

2024.01.25 18:22:03 WARN  no build target for: /home/ubuntu/Downloads/mnmcount/scala/src/main/scala/mnmc/MnMcount.scala
2024.01.25 18:22:22 WARN  no build target for: /home/ubuntu/Downloads/mnmcount/scala/src/main/scala/mnmc/MnMcount.scala
2024.01.25 18:22:25 WARN  no build target for: /home/ubuntu/Downloads/mnmcount/scala/src/main/scala/mnmc/MnMcount.scala
2024.01.25 18:22:26 WARN  no build target for: /home/ubuntu/Downloads/mnmcount/scala/src/main/scala/mnmc/MnMcount.scala
2024.01.25 18:22:29 WARN  no build target for: /home/ubuntu/Downloads/mnmcount/scala/src/main/scala/mnmc/MnMcount.scala
Jan 25, 2024 6:22:30 PM org.eclipse.lsp4j.jsonrpc.RemoteEndpoint handleCancellation
WARNING: Unmatched cancel notification for request id 830
2024.01.25 18:22:36 WARN  no build target for: /home/ubuntu/Downloads/mnmcount/scala/src/main/scala/mnmc/MnMcount.scala
2024.01.25 18:23:03 WARN  no build target for: /home/ubuntu/Downloads/mnmcount/scala/src/main/scala/mnmc/MnMcount.scala
2024.01.25 18:23:19 WARN  no build target for: /home/ubuntu/Downloads/mnmcount/scala/src/main/scala/mnmc/MnMcount.scala
2024.01.25 18:23:21 WARN  no build target for: /home/ubuntu/Downloads/mnmcount/scala/src/main/scala/mnmc/MnMcount.scala
2024.01.25 18:23:26 WARN  no build target for: /home/ubuntu/Downloads/mnmcount/scala/src/main/scala/mnmc/MnMcount.scala
2024.01.25 18:23:30 WARN  no build target for: /home/ubuntu/Downloads/mnmcount/scala/src/main/scala/mnmc/MnMcount.scala
2024.01.25 18:23:32 WARN  no build target for: /home/ubuntu/Downloads/mnmcount/scala/src/main/scala/mnmc/MnMcount.scala
Jan 25, 2024 6:23:35 PM org.eclipse.lsp4j.jsonrpc.RemoteEndpoint handleCancellation
WARNING: Unmatched cancel notification for request id 899
2024.01.25 18:23:35 WARN  no build target for: /home/ubuntu/Downloads/mnmcount/scala/src/main/scala/mnmc/MnMcount.scala
Jan 25, 2024 6:23:35 PM org.eclipse.lsp4j.jsonrpc.RemoteEndpoint handleCancellation
WARNING: Unmatched cancel notification for request id 901
Jan 25, 2024 6:23:35 PM org.eclipse.lsp4j.jsonrpc.RemoteEndpoint handleCancellation
WARNING: Unmatched cancel notification for request id 902
2024.01.25 18:23:37 WARN  no build target for: /home/ubuntu/Downloads/mnmcount/scala/src/main/scala/mnmc/MnMcount.scala
2024.01.25 18:23:39 WARN  no build target for: /home/ubuntu/Downloads/mnmcount/scala/src/main/scala/mnmc/MnMcount.scala
Jan 25, 2024 6:35:04 PM org.eclipse.lsp4j.jsonrpc.RemoteEndpoint handleCancellation
WARNING: Unmatched cancel notification for request id 911
2024.01.25 18:35:28 WARN  no build target for: /home/ubuntu/Downloads/mnmcount/scala/src/main/scala/mnmc/MnMcount.scala
2024.01.25 18:35:31 WARN  no build target for: /home/ubuntu/Downloads/mnmcount/scala/src/main/scala/mnmc/MnMcount.scala
Exception in thread "pool-3-thread-2" java.lang.InterruptedException
	at scala.meta.internal.metals.FutureCancelToken.checkCanceled(FutureCancelToken.scala:29)
	at scala.meta.internal.pc.CompilerAccess.onCompilerJobQueue$$anonfun$1(CompilerAccess.scala:230)
	at scala.meta.internal.pc.CompilerJobQueue$Job.run(CompilerJobQueue.scala:152)
	at java.base/java.util.concurrent.ThreadPoolExecutor.runWorker(ThreadPoolExecutor.java:1128)
	at java.base/java.util.concurrent.ThreadPoolExecutor$Worker.run(ThreadPoolExecutor.java:628)
	at java.base/java.lang.Thread.run(Thread.java:829)
2024.01.25 18:36:34 WARN  no build target for: /home/ubuntu/Downloads/mnmcount/scala/src/main/scala/mnmc/MnMcount.scala
2024.01.25 18:36:40 WARN  no build target for: /home/ubuntu/Downloads/mnmcount/scala/src/main/scala/mnmc/MnMcount.scala
2024.01.25 18:36:40 INFO  time: code lens generation in 1.21s
2024.01.25 18:36:42 WARN  no build target for: /home/ubuntu/Downloads/mnmcount/scala/src/main/scala/mnmc/MnMcount.scala
2024.01.25 18:36:44 WARN  no build target for: /home/ubuntu/Downloads/mnmcount/scala/src/main/scala/mnmc/MnMcount.scala
2024.01.25 18:36:46 WARN  no build target for: /home/ubuntu/Downloads/mnmcount/scala/src/main/scala/mnmc/MnMcount.scala
2024.01.25 18:38:13 ERROR Failed to tokenize input for semantic tokens for /home/ubuntu/Downloads/mnmcount/scala/src/main/scala/mnmc/MnMcount.scala
scala.meta.tokenizers.TokenizeException: <input>:17: error: unclosed comment
   /* if (args.length < 1) {
   ^
	at scala.meta.internal.tokenizers.Reporter.incompleteInputError(Reporter.scala:27)
	at scala.meta.internal.tokenizers.Reporter.incompleteInputError$(Reporter.scala:26)
	at scala.meta.internal.tokenizers.Reporter$$anon$1.incompleteInputError(Reporter.scala:33)
	at scala.meta.internal.tokenizers.Reporter.incompleteInputError(Reporter.scala:29)
	at scala.meta.internal.tokenizers.Reporter.incompleteInputError$(Reporter.scala:29)
	at scala.meta.internal.tokenizers.Reporter$$anon$1.incompleteInputError(Reporter.scala:33)
	at scala.meta.internal.tokenizers.LegacyScanner.skipNestedComments(LegacyScanner.scala:52)
	at scala.meta.internal.tokenizers.LegacyScanner.skipToCommentEnd(LegacyScanner.scala:71)
	at scala.meta.internal.tokenizers.LegacyScanner.fetchToken(LegacyScanner.scala:313)
	at scala.meta.internal.tokenizers.LegacyScanner.nextToken(LegacyScanner.scala:211)
	at scala.meta.internal.tokenizers.LegacyScanner.foreach(LegacyScanner.scala:1011)
	at scala.meta.internal.tokenizers.ScalametaTokenizer.uncachedTokenize(ScalametaTokenizer.scala:24)
	at scala.meta.internal.tokenizers.ScalametaTokenizer.$anonfun$tokenize$1(ScalametaTokenizer.scala:17)
	at scala.collection.concurrent.TrieMap.getOrElseUpdate(TrieMap.scala:962)
	at scala.meta.internal.tokenizers.ScalametaTokenizer.tokenize(ScalametaTokenizer.scala:17)
	at scala.meta.internal.tokenizers.ScalametaTokenizer$$anon$2.apply(ScalametaTokenizer.scala:332)
	at scala.meta.tokenizers.Api$XtensionTokenizeDialectInput.tokenize(Api.scala:25)
	at scala.meta.tokenizers.Api$XtensionTokenizeInputLike.tokenize(Api.scala:14)
	at scala.meta.internal.metals.SemanticTokensProvider$.getTokens(SemanticTokensProvider.scala:28)
	at scala.meta.internal.metals.SemanticTokensProvider$.provide(SemanticTokensProvider.scala:89)
	at scala.meta.internal.metals.Compilers.$anonfun$semanticTokens$3(Compilers.scala:541)
	at scala.concurrent.impl.Promise$Transformation.run(Promise.scala:467)
	at java.util.concurrent.ThreadPoolExecutor.runWorker(ThreadPoolExecutor.java:1128)
	at java.util.concurrent.ThreadPoolExecutor$Worker.run(ThreadPoolExecutor.java:628)
	at java.lang.Thread.run(Thread.java:829)

2024.01.25 18:38:15 WARN  no build target for: /home/ubuntu/Downloads/mnmcount/scala/src/main/scala/mnmc/MnMcount.scala
2024.01.25 18:38:19 WARN  no build target for: /home/ubuntu/Downloads/mnmcount/scala/src/main/scala/mnmc/MnMcount.scala
2024.01.25 18:44:20 WARN  no build target for: /home/ubuntu/Downloads/mnmcount/scala/src/main/scala/mnmc/MnMcount.scala
2024.01.25 18:44:33 ERROR Failed to tokenize input for semantic tokens for /home/ubuntu/Downloads/mnmcount/scala/src/main/scala/mnmc/MnMcount.scala
scala.meta.tokenizers.TokenizeException: <input>:25: error: unclosed comment
   /* val mnmDF = spark.read
   ^
	at scala.meta.internal.tokenizers.Reporter.incompleteInputError(Reporter.scala:27)
	at scala.meta.internal.tokenizers.Reporter.incompleteInputError$(Reporter.scala:26)
	at scala.meta.internal.tokenizers.Reporter$$anon$1.incompleteInputError(Reporter.scala:33)
	at scala.meta.internal.tokenizers.Reporter.incompleteInputError(Reporter.scala:29)
	at scala.meta.internal.tokenizers.Reporter.incompleteInputError$(Reporter.scala:29)
	at scala.meta.internal.tokenizers.Reporter$$anon$1.incompleteInputError(Reporter.scala:33)
	at scala.meta.internal.tokenizers.LegacyScanner.skipNestedComments(LegacyScanner.scala:52)
	at scala.meta.internal.tokenizers.LegacyScanner.skipToCommentEnd(LegacyScanner.scala:71)
	at scala.meta.internal.tokenizers.LegacyScanner.fetchToken(LegacyScanner.scala:313)
	at scala.meta.internal.tokenizers.LegacyScanner.nextToken(LegacyScanner.scala:211)
	at scala.meta.internal.tokenizers.LegacyScanner.foreach(LegacyScanner.scala:1011)
	at scala.meta.internal.tokenizers.ScalametaTokenizer.uncachedTokenize(ScalametaTokenizer.scala:24)
	at scala.meta.internal.tokenizers.ScalametaTokenizer.$anonfun$tokenize$1(ScalametaTokenizer.scala:17)
	at scala.collection.concurrent.TrieMap.getOrElseUpdate(TrieMap.scala:962)
	at scala.meta.internal.tokenizers.ScalametaTokenizer.tokenize(ScalametaTokenizer.scala:17)
	at scala.meta.internal.tokenizers.ScalametaTokenizer$$anon$2.apply(ScalametaTokenizer.scala:332)
	at scala.meta.tokenizers.Api$XtensionTokenizeDialectInput.tokenize(Api.scala:25)
	at scala.meta.tokenizers.Api$XtensionTokenizeInputLike.tokenize(Api.scala:14)
	at scala.meta.internal.metals.SemanticTokensProvider$.getTokens(SemanticTokensProvider.scala:28)
	at scala.meta.internal.metals.SemanticTokensProvider$.provide(SemanticTokensProvider.scala:89)
	at scala.meta.internal.metals.Compilers.$anonfun$semanticTokens$3(Compilers.scala:541)
	at scala.concurrent.impl.Promise$Transformation.run(Promise.scala:467)
	at java.util.concurrent.ThreadPoolExecutor.runWorker(ThreadPoolExecutor.java:1128)
	at java.util.concurrent.ThreadPoolExecutor$Worker.run(ThreadPoolExecutor.java:628)
	at java.lang.Thread.run(Thread.java:829)

2024.01.25 18:44:36 WARN  no build target for: /home/ubuntu/Downloads/mnmcount/scala/src/main/scala/mnmc/MnMcount.scala
2024.01.25 18:44:36 ERROR Failed to tokenize input for semantic tokens for /home/ubuntu/Downloads/mnmcount/scala/src/main/scala/mnmc/MnMcount.scala
scala.meta.tokenizers.TokenizeException: <input>:25: error: unclosed comment
   /* val mnmDF = spark.read
   ^
	at scala.meta.internal.tokenizers.Reporter.incompleteInputError(Reporter.scala:27)
	at scala.meta.internal.tokenizers.Reporter.incompleteInputError$(Reporter.scala:26)
	at scala.meta.internal.tokenizers.Reporter$$anon$1.incompleteInputError(Reporter.scala:33)
	at scala.meta.internal.tokenizers.Reporter.incompleteInputError(Reporter.scala:29)
	at scala.meta.internal.tokenizers.Reporter.incompleteInputError$(Reporter.scala:29)
	at scala.meta.internal.tokenizers.Reporter$$anon$1.incompleteInputError(Reporter.scala:33)
	at scala.meta.internal.tokenizers.LegacyScanner.skipNestedComments(LegacyScanner.scala:52)
	at scala.meta.internal.tokenizers.LegacyScanner.skipToCommentEnd(LegacyScanner.scala:71)
	at scala.meta.internal.tokenizers.LegacyScanner.fetchToken(LegacyScanner.scala:313)
	at scala.meta.internal.tokenizers.LegacyScanner.nextToken(LegacyScanner.scala:211)
	at scala.meta.internal.tokenizers.LegacyScanner.foreach(LegacyScanner.scala:1011)
	at scala.meta.internal.tokenizers.ScalametaTokenizer.uncachedTokenize(ScalametaTokenizer.scala:24)
	at scala.meta.internal.tokenizers.ScalametaTokenizer.$anonfun$tokenize$1(ScalametaTokenizer.scala:17)
	at scala.collection.concurrent.TrieMap.getOrElseUpdate(TrieMap.scala:962)
	at scala.meta.internal.tokenizers.ScalametaTokenizer.tokenize(ScalametaTokenizer.scala:17)
	at scala.meta.internal.tokenizers.ScalametaTokenizer$$anon$2.apply(ScalametaTokenizer.scala:332)
	at scala.meta.tokenizers.Api$XtensionTokenizeDialectInput.tokenize(Api.scala:25)
	at scala.meta.tokenizers.Api$XtensionTokenizeInputLike.tokenize(Api.scala:14)
	at scala.meta.internal.metals.SemanticTokensProvider$.getTokens(SemanticTokensProvider.scala:28)
	at scala.meta.internal.metals.SemanticTokensProvider$.provide(SemanticTokensProvider.scala:89)
	at scala.meta.internal.metals.Compilers.$anonfun$semanticTokens$3(Compilers.scala:541)
	at scala.concurrent.impl.Promise$Transformation.run(Promise.scala:467)
	at java.util.concurrent.ThreadPoolExecutor.runWorker(ThreadPoolExecutor.java:1128)
	at java.util.concurrent.ThreadPoolExecutor$Worker.run(ThreadPoolExecutor.java:628)
	at java.lang.Thread.run(Thread.java:829)

2024.01.25 18:44:39 WARN  no build target for: /home/ubuntu/Downloads/mnmcount/scala/src/main/scala/mnmc/MnMcount.scala
2024.01.27 17:25:18 INFO  Started: Metals version 1.2.0 in folders '/home/ubuntu/Downloads/mnmcount, /home/ubuntu/airflow' for client Visual Studio Code 1.85.2.
2024.01.27 17:25:19 INFO  time: initialize in 0.29s
2024.01.27 17:25:36 WARN  Build server is not auto-connectable.
2024.01.27 17:25:36 WARN  no build target for: /home/ubuntu/Downloads/mnmcount/scala/src/main/scala/mnmc/MnMcount.scala
2024.01.27 17:25:53 INFO  no build target found for /home/ubuntu/Downloads/mnmcount/scala/src/main/scala/mnmc/MnMcount.scala. Using presentation compiler with project's scala-library version: 3.3.1
2024.01.27 17:26:02 INFO  time: code lens generation in 20s
2024.01.28 21:43:32 INFO  Started: Metals version 1.2.0 in folders '/home/ubuntu/Downloads/mnmcount, /home/ubuntu/airflow' for client Visual Studio Code 1.85.2.
2024.01.28 21:43:32 INFO  time: initialize in 0.24s
2024.01.28 21:43:46 WARN  Build server is not auto-connectable.
2024.01.28 21:43:47 WARN  no build target for: /home/ubuntu/Downloads/mnmcount/scala/src/main/scala/mnmc/MnMcount.scala
2024.01.28 21:44:16 INFO  no build target found for /home/ubuntu/Downloads/mnmcount/scala/src/main/scala/mnmc/MnMcount.scala. Using presentation compiler with project's scala-library version: 3.3.1
2024.01.28 21:44:37 INFO  time: code lens generation in 44s
2024.01.28 21:44:37 INFO  time: code lens generation in 36s
Jan 28, 2024 9:47:05 PM org.eclipse.lsp4j.jsonrpc.RemoteEndpoint handleCancellation
WARNING: Unmatched cancel notification for request id 71
Jan 28, 2024 9:49:35 PM org.eclipse.lsp4j.jsonrpc.RemoteEndpoint handleCancellation
WARNING: Unmatched cancel notification for request id 87
2024.01.28 22:03:16 INFO  Shutting down server
2024.01.28 22:03:16 INFO  shutting down Metals
2024.01.28 22:03:16 INFO  Exiting server
2024.01.28 22:05:41 INFO  Started: Metals version 1.2.0 in folders '/home/ubuntu/Downloads/mnmcount, /home/ubuntu/airflow' for client Visual Studio Code 1.85.2.
2024.01.28 22:05:41 INFO  time: initialize in 0.43s
2024.01.28 22:05:52 WARN  Build server is not auto-connectable.
2024.01.28 22:05:53 WARN  no build target for: /home/ubuntu/Downloads/mnmcount/scala/src/main/scala/mnmc/MnMcount.scala
2024.01.28 22:06:11 INFO  no build target found for /home/ubuntu/Downloads/mnmcount/scala/src/main/scala/mnmc/MnMcount.scala. Using presentation compiler with project's scala-library version: 3.3.1
2024.01.28 22:06:31 INFO  time: code lens generation in 32s
Jan 28, 2024 10:39:04 PM org.eclipse.lsp4j.jsonrpc.RemoteEndpoint handleCancellation
WARNING: Unmatched cancel notification for request id 50
2024.01.28 22:39:15 WARN  no build target for: /home/ubuntu/Downloads/mnmcount/scala/src/main/scala/mnmc/MnMcount.scala
2024.01.28 22:39:17 WARN  no build target for: /home/ubuntu/Downloads/mnmcount/scala/src/main/scala/mnmc/MnMcount.scala
2024.01.28 22:39:18 INFO  time: code lens generation in 1.32s
Jan 28, 2024 10:39:32 PM org.eclipse.lsp4j.jsonrpc.RemoteEndpoint handleCancellation
WARNING: Unmatched cancel notification for request id 78
2024.01.28 22:39:35 WARN  no build target for: /home/ubuntu/Downloads/mnmcount/scala/src/main/scala/mnmc/MnMcount.scala
2024.01.29 20:12:13 INFO  Started: Metals version 1.2.0 in folders '/home/ubuntu/Downloads/mnmcount, /home/ubuntu/airflow' for client Visual Studio Code 1.85.2.
2024.01.29 20:12:14 INFO  time: initialize in 0.66s
2024.01.29 20:12:55 WARN  Build server is not auto-connectable.
2024.01.29 20:12:55 WARN  no build target for: /home/ubuntu/Downloads/mnmcount/scala/src/main/scala/mnmc/MnMcount.scala
2024.01.29 20:13:51 INFO  no build target found for /home/ubuntu/Downloads/mnmcount/scala/src/main/scala/mnmc/MnMcount.scala. Using presentation compiler with project's scala-library version: 3.3.1
2024.01.29 20:14:34 INFO  time: code lens generation in 1m39s
2024.01.31 21:45:30 INFO  Started: Metals version 1.2.0 in folders '/home/ubuntu/Downloads/mnmcount, /home/ubuntu/airflow' for client Visual Studio Code 1.85.2.
2024.01.31 21:45:32 INFO  time: initialize in 0.98s
2024.01.31 21:46:14 WARN  Build server is not auto-connectable.
2024.01.31 21:46:14 WARN  no build target for: /home/ubuntu/Downloads/mnmcount/scala/src/main/scala/mnmc/MnMcount.scala
2024.01.31 21:47:32 INFO  no build target found for /home/ubuntu/Downloads/mnmcount/scala/src/main/scala/mnmc/MnMcount.scala. Using presentation compiler with project's scala-library version: 3.3.1
2024.01.31 21:48:18 INFO  time: code lens generation in 1m36s
2024.02.02 07:29:41 INFO  Started: Metals version 1.2.0 in folders '/home/ubuntu/Downloads/mnmcount, /home/ubuntu/airflow' for client Visual Studio Code 1.85.2.
2024.02.02 07:29:42 INFO  time: initialize in 0.5s
2024.02.02 07:30:08 WARN  Build server is not auto-connectable.
2024.02.02 07:30:09 WARN  no build target for: /home/ubuntu/Downloads/mnmcount/scala/src/main/scala/mnmc/MnMcount.scala
2024.02.02 07:31:09 INFO  no build target found for /home/ubuntu/Downloads/mnmcount/scala/src/main/scala/mnmc/MnMcount.scala. Using presentation compiler with project's scala-library version: 3.3.1
2024.02.06 10:38:00 INFO  Started: Metals version 1.2.0 in folders '/home/ubuntu/Downloads/mnmcount, /home/ubuntu/airflow' for client Visual Studio Code 1.86.0.
2024.02.06 10:38:01 INFO  time: initialize in 0.28s
2024.02.06 10:38:19 WARN  Build server is not auto-connectable.
2024.02.06 10:38:20 WARN  no build target for: /home/ubuntu/Downloads/mnmcount/scala/src/main/scala/mnmc/MnMcount.scala
2024.02.06 10:38:59 INFO  no build target found for /home/ubuntu/Downloads/mnmcount/scala/src/main/scala/mnmc/MnMcount.scala. Using presentation compiler with project's scala-library version: 3.3.1
2024.02.06 14:33:10 INFO  Started: Metals version 1.2.0 in folders 'C:\Users\ervan\Downloads\Telegram Desktop\mnmcount1\mnmcount' for client Visual Studio Code 1.86.0.
2024.02.06 14:33:16 WARN  Build server is not auto-connectable.
2024.02.06 14:33:16 WARN  no build target for: C:\Users\ervan\Downloads\Telegram Desktop\mnmcount1\mnmcount\scala\src\main\scala\mnmc\MnMcount.scala
2024.02.06 14:33:20 INFO  no build target found for C:\Users\ervan\Downloads\Telegram Desktop\mnmcount1\mnmcount\scala\src\main\scala\mnmc\MnMcount.scala. Using presentation compiler with project's scala-library version: 3.3.1
2024.02.06 14:33:24 INFO  time: code lens generation in 8.37s
2024.02.06 17:14:06 WARN  no build target for: C:\Users\ervan\Downloads\Telegram Desktop\mnmcount1\mnmcount\scala\src\main\scala\mnmc\MnMcount.scala
2024.02.06 17:14:09 WARN  no build target for: C:\Users\ervan\Downloads\Telegram Desktop\mnmcount1\mnmcount\scala\src\main\scala\mnmc\MnMcount.scala
2024.02.06 17:14:14 WARN  no build target for: C:\Users\ervan\Downloads\Telegram Desktop\mnmcount1\mnmcount\scala\src\main\scala\mnmc\MnMcount.scala
2024.02.06 17:14:18 WARN  no build target for: C:\Users\ervan\Downloads\Telegram Desktop\mnmcount1\mnmcount\scala\src\main\scala\mnmc\MnMcount.scala
2024.02.06 17:14:23 WARN  no build target for: C:\Users\ervan\Downloads\Telegram Desktop\mnmcount1\mnmcount\scala\src\main\scala\mnmc\MnMcount.scala
2024.02.07 02:08:23 INFO  Shutting down server
2024.02.07 02:08:23 INFO  shutting down Metals
2024.02.07 02:08:23 INFO  Exiting server
2024.02.07 02:08:23 ERROR Unexpected error initializing server: 
org.eclipse.lsp4j.jsonrpc.ResponseErrorException: Request window/showMessageRequest failed with message: Canceled
	at org.eclipse.lsp4j.jsonrpc.RemoteEndpoint.handleResponse(RemoteEndpoint.java:209)
	at org.eclipse.lsp4j.jsonrpc.RemoteEndpoint.consume(RemoteEndpoint.java:193)
	at org.eclipse.lsp4j.jsonrpc.json.StreamMessageProducer.handleMessage(StreamMessageProducer.java:194)
	at org.eclipse.lsp4j.jsonrpc.json.StreamMessageProducer.listen(StreamMessageProducer.java:94)
	at org.eclipse.lsp4j.jsonrpc.json.ConcurrentMessageProcessor.run(ConcurrentMessageProcessor.java:113)
	at java.util.concurrent.Executors$RunnableAdapter.call(Executors.java:572)
	at java.util.concurrent.FutureTask.run(FutureTask.java:317)
	at java.util.concurrent.ThreadPoolExecutor.runWorker(ThreadPoolExecutor.java:1144)
	at java.util.concurrent.ThreadPoolExecutor$Worker.run(ThreadPoolExecutor.java:642)
	at java.lang.Thread.run(Thread.java:1583)

2024.02.07 02:10:57 INFO  Started: Metals version 1.2.0 in folders 'C:\Users\ervan\Downloads\Telegram Desktop\mnmcount1\mnmcount' for client Visual Studio Code 1.86.0.
2024.02.07 02:10:58 WARN  Build server is not auto-connectable.
2024.02.07 02:10:58 WARN  no build target for: C:\Users\ervan\Downloads\Telegram Desktop\mnmcount1\mnmcount\scala\src\main\scala\mnmc\MnMcount.scala
2024.02.07 02:11:03 INFO  no build target found for C:\Users\ervan\Downloads\Telegram Desktop\mnmcount1\mnmcount\scala\src\main\scala\mnmc\MnMcount.scala. Using presentation compiler with project's scala-library version: 3.3.1
2024.02.07 02:11:07 INFO  time: code lens generation in 7.78s
fvr. 07, 2024 2:19:39 MATIN org.eclipse.lsp4j.jsonrpc.services.GenericEndpoint notify
INFO: Unsupported notification method: $/setTrace
2024.02.07 02:20:41 INFO  Shutting down server
2024.02.07 02:20:41 INFO  shutting down Metals
2024.02.07 02:20:41 INFO  Exiting server
